Determining if the pthread_create exist failed with the following output:
Change Dir: /home/yusuf/Desktop/RT/hw1/151044018/CMakeFiles/CMakeTmp

Run Build Command:"/usr/bin/make" "cmTC_31c69/fast"
/usr/bin/make -f CMakeFiles/cmTC_31c69.dir/build.make CMakeFiles/cmTC_31c69.dir/build
make[1]: Entering directory '/home/yusuf/Desktop/RT/hw1/151044018/CMakeFiles/CMakeTmp'
Building C object CMakeFiles/cmTC_31c69.dir/CheckSymbolExists.c.o
/usr/bin/cc    -o CMakeFiles/cmTC_31c69.dir/CheckSymbolExists.c.o   -c /home/yusuf/Desktop/RT/hw1/151044018/CMakeFiles/CMakeTmp/CheckSymbolExists.c
Linking C executable cmTC_31c69
/usr/bin/cmake -E cmake_link_script CMakeFiles/cmTC_31c69.dir/link.txt --verbose=1
/usr/bin/cc      -rdynamic CMakeFiles/cmTC_31c69.dir/CheckSymbolExists.c.o  -o cmTC_31c69 
CMakeFiles/cmTC_31c69.dir/CheckSymbolExists.c.o: In function `main':
CheckSymbolExists.c:(.text+0x1b): undefined reference to `pthread_create'
collect2: error: ld returned 1 exit status
CMakeFiles/cmTC_31c69.dir/build.make:97: recipe for target 'cmTC_31c69' failed
make[1]: *** [cmTC_31c69] Error 1
make[1]: Leaving directory '/home/yusuf/Desktop/RT/hw1/151044018/CMakeFiles/CMakeTmp'
Makefile:126: recipe for target 'cmTC_31c69/fast' failed
make: *** [cmTC_31c69/fast] Error 2

File /home/yusuf/Desktop/RT/hw1/151044018/CMakeFiles/CMakeTmp/CheckSymbolExists.c:
/* */
#include <pthread.h>

int main(int argc, char** argv)
{
  (void)argv;
#ifndef pthread_create
  return ((int*)(&pthread_create))[argc];
#else
  (void)argc;
  return 0;
#endif
}

